time="2021-07-17 00:21:10" level=info msg="组:-584943700,发牌:[[55 4 21 43 23] [41 39 45 22 61] [60 18 36 25 53] [26 1 42 24 28] [59 2 49 33 57]]"
time="2021-07-17 00:21:22" level=debug msg="1 比牌大于:[41 39 45 22 61],[55 4 21 43 23] "
time="2021-07-17 00:21:22" level=debug msg="2 比牌大于:[60 18 36 25 53],[55 4 21 43 23] "
time="2021-07-17 00:21:22" level=debug msg="4 比牌大于:[26 1 42 24 28],[55 4 21 43 23] "
time="2021-07-17 00:21:22" level=debug msg="8 比牌大于:[59 2 49 33 57],[55 4 21 43 23] "
time="2021-07-17 00:21:22" level=info msg="用户:1810486725总输赢:10000"
time="2021-07-17 00:21:31" level=info msg="回写数据库:<nil>"
time="2021-07-17 00:22:33" level=info msg="组:-584943700,发牌:[[2 6 51 12 60] [13 22 49 53 45] [8 25 9 41 57] [17 21 19 7 24] [26 42 39 55 10]]"
time="2021-07-17 00:22:38" level=debug msg="1 比牌大于:[13 22 49 53 45],[2 6 51 12 60] "
time="2021-07-17 00:22:38" level=debug msg="2 比牌大于:[8 25 9 41 57],[2 6 51 12 60] "
time="2021-07-17 00:22:38" level=debug msg="4 比牌大于:[17 21 19 7 24],[2 6 51 12 60] "
time="2021-07-17 00:22:38" level=debug msg="8 比牌大于:[26 42 39 55 10],[2 6 51 12 60] "
time="2021-07-17 00:22:38" level=info msg="用户:1810486725总输赢:10000"
time="2021-07-17 00:29:54" level=info msg="组:-584943700,发牌:[[9 26 45 52 23] [60 27 42 59 55] [51 6 28 4 11] [22 21 18 57 10] [13 54 38 53 34]]"
time="2021-07-17 00:29:59" level=debug msg="1 比牌小于:[60 27 42 59 55],[9 26 45 52 23] "
time="2021-07-17 00:29:59" level=debug msg="2 比牌小于:[51 6 28 4 11],[9 26 45 52 23] "
time="2021-07-17 00:29:59" level=debug msg="4 比牌小于:[22 21 18 57 10],[9 26 45 52 23] "
time="2021-07-17 00:29:59" level=debug msg="8 比牌小于:[13 54 38 53 34],[9 26 45 52 23] "
time="2021-07-17 00:29:59" level=info msg="用户:1810486725总输赢:-110000"
time="2021-07-17 00:33:48" level=info msg="组:-584943700,发牌:[[53 51 10 54 18] [35 3 41 29 17] [26 56 27 44 57] [52 50 7 1 19] [25 2 55 5 36]]"
time="2021-07-17 00:33:52" level=debug msg="1 比牌大于:[35 3 41 29 17],[53 51 10 54 18] "
time="2021-07-17 00:33:52" level=debug msg="2 比牌大于:[26 56 27 44 57],[53 51 10 54 18] "
time="2021-07-17 00:33:52" level=debug msg="4 比牌大于:[52 50 7 1 19],[53 51 10 54 18] "
time="2021-07-17 00:33:52" level=debug msg="8 比牌大于:[25 2 55 5 36],[53 51 10 54 18] "
time="2021-07-17 00:33:52" level=info msg="用户:1810486725总输赢:50000"
time="2021-07-17 00:36:22" level=info msg="组:-584943700,发牌:[[7 26 35 34 36] [56 58 3 43 19] [29 52 6 2 10] [53 13 51 55 54] [59 12 41 18 61]]"
time="2021-07-17 00:36:28" level=debug msg="1 比牌小于:[56 58 3 43 19],[7 26 35 34 36] "
time="2021-07-17 00:36:28" level=debug msg="2 比牌小于:[29 52 6 2 10],[7 26 35 34 36] "
time="2021-07-17 00:36:28" level=debug msg="4 比牌小于:[53 13 51 55 54],[7 26 35 34 36] "
time="2021-07-17 00:36:28" level=debug msg="8 比牌小于:[59 12 41 18 61],[7 26 35 34 36] "
time="2021-07-17 00:36:28" level=info msg="用户:1810486725总输赢:-70000"
time="2021-07-17 00:44:27" level=info msg="组:-584943700,发牌:[[37 24 61 52 50] [13 54 42 40 25] [6 7 43 33 56] [29 60 59 4 49] [20 22 39 17 53]]"
time="2021-07-17 00:44:49" level=debug msg="1 比牌小于:[13 54 42 40 25],[37 24 61 52 50] "
time="2021-07-17 00:44:49" level=debug msg="2 比牌小于:[6 7 43 33 56],[37 24 61 52 50] "
time="2021-07-17 00:44:49" level=debug msg="4 比牌小于:[29 60 59 4 49],[37 24 61 52 50] "
time="2021-07-17 00:44:49" level=debug msg="8 比牌小于:[20 22 39 17 53],[37 24 61 52 50] "
time="2021-07-17 00:44:49" level=info msg="用户:1810486725总输赢:-100000"
time="2021-07-17 00:46:40" level=info msg="组:-584943700,发牌:[[2 29 13 56 26] [41 38 21 3 6] [28 4 59 60 51] [35 36 5 45 34] [55 40 23 27 1]]"
time="2021-07-17 00:46:46" level=debug msg="1 比牌小于:[41 38 21 3 6],[2 29 13 56 26] "
time="2021-07-17 00:46:46" level=debug msg="2 比牌小于:[28 4 59 60 51],[2 29 13 56 26] "
time="2021-07-17 00:46:46" level=debug msg="4 比牌小于:[35 36 5 45 34],[2 29 13 56 26] "
time="2021-07-17 00:46:46" level=debug msg="8 比牌小于:[55 40 23 27 1],[2 29 13 56 26] "
time="2021-07-17 00:46:46" level=info msg="用户:1810486725总输赢:-110000"
time="2021-07-17 00:50:25" level=info msg="组:-584943700,发牌:[[2 1 29 37 44] [8 3 24 18 26] [56 22 21 42 50] [7 28 25 40 33] [19 34 35 39 11]]"
time="2021-07-17 00:52:50" level=debug msg="1 比牌大于:[8 3 24 18 26],[2 1 29 37 44] "
time="2021-07-17 00:52:50" level=debug msg="2 比牌大于:[56 22 21 42 50],[2 1 29 37 44] "
time="2021-07-17 00:52:50" level=debug msg="4 比牌大于:[7 28 25 40 33],[2 1 29 37 44] "
time="2021-07-17 00:52:50" level=debug msg="8 比牌大于:[19 34 35 39 11],[2 1 29 37 44] "
time="2021-07-17 00:52:50" level=info msg="用户:1810486725总输赢:0"
time="2021-07-17 00:53:06" level=info msg="回写数据库:<nil>"
time="2021-07-17 00:54:45" level=info msg="组:-584943700,发牌:[[49 9 22 5 8] [44 42 11 1 23] [56 28 10 6 40] [38 19 41 27 59] [36 25 29 45 55]]"
time="2021-07-17 00:54:51" level=debug msg="1 比牌小于:[44 42 11 1 23],[49 9 22 5 8] "
time="2021-07-17 00:54:51" level=debug msg="2 比牌小于:[56 28 10 6 40],[49 9 22 5 8] "
time="2021-07-17 00:54:51" level=debug msg="4 比牌小于:[38 19 41 27 59],[49 9 22 5 8] "
time="2021-07-17 00:54:51" level=debug msg="8 比牌大于:[36 25 29 45 55],[49 9 22 5 8] "
time="2021-07-17 00:54:51" level=info msg="用户:1810486725总输赢:-100000"
time="2021-07-17 00:55:19" level=info msg="回写数据库:<nil>"
time="2021-07-17 01:02:24" level=info msg="组:-584943700,发牌:[[9 12 59 24 25] [5 53 60 13 27] [39 33 44 29 18] [10 21 4 58 52] [20 28 26 23 40]]"
time="2021-07-17 01:02:29" level=debug msg="1 比牌大于:[5 53 60 13 27],[9 12 59 24 25] "
time="2021-07-17 01:02:29" level=debug msg="2 比牌大于:[39 33 44 29 18],[9 12 59 24 25] "
time="2021-07-17 01:02:29" level=debug msg="4 比牌小于:[10 21 4 58 52],[9 12 59 24 25] "
time="2021-07-17 01:02:29" level=debug msg="8 比牌小于:[20 28 26 23 40],[9 12 59 24 25] "
time="2021-07-17 01:02:29" level=info msg="用户:1810486725总输赢:-70000"
time="2021-07-17 01:02:38" level=info msg="回写数据库:<nil>"
time="2021-07-17 01:07:12" level=info msg="组:-584943700,发牌:[[60 58 13 38 56] [42 21 29 22 7] [6 59 26 9 4] [55 57 41 23 54] [25 33 5 1 2]]"
time="2021-07-17 01:07:16" level=debug msg="1 比牌大于:[5 53 60 13 27],[9 12 59 24 25] "
time="2021-07-17 01:07:16" level=debug msg="2 比牌大于:[39 33 44 29 18],[9 12 59 24 25] "
time="2021-07-17 01:07:16" level=debug msg="4 比牌小于:[10 21 4 58 52],[9 12 59 24 25] "
time="2021-07-17 01:07:16" level=debug msg="8 比牌小于:[20 28 26 23 40],[9 12 59 24 25] "
time="2021-07-17 01:07:16" level=info msg="用户:1810486725总输赢:-70000"
time="2021-07-17 01:07:16" level=info msg="回写数据库:<nil>"
time="2021-07-17 01:14:50" level=info msg="组:-584943700,发牌:[[50 27 39 9 42] [35 40 21 11 49] [1 41 20 25 8] [10 61 36 4 52] [60 5 58 13 51]]"
time="2021-07-17 01:15:31" level=debug msg="1 比牌大于:[5 53 60 13 27],[9 12 59 24 25] "
time="2021-07-17 01:16:05" level=debug msg="2 比牌大于:[39 33 44 29 18],[9 12 59 24 25] "
time="2021-07-17 01:16:07" level=debug msg="4 比牌小于:[10 21 4 58 52],[9 12 59 24 25] "
time="2021-07-17 01:16:07" level=debug msg="8 比牌小于:[20 28 26 23 40],[9 12 59 24 25] "
time="2021-07-17 01:16:48" level=info msg="组:-584943700,发牌:[[4 6 51 57 37] [23 29 18 39 11] [53 33 40 50 22] [44 52 5 25 43] [3 56 7 9 27]]"
time="2021-07-17 01:16:56" level=debug msg="1 比牌大于:[5 53 60 13 27],[9 12 59 24 25] "
time="2021-07-17 01:17:14" level=debug msg="2 比牌大于:[39 33 44 29 18],[9 12 59 24 25] "
time="2021-07-17 01:17:14" level=debug msg="4 比牌小于:[10 21 4 58 52],[9 12 59 24 25] "
time="2021-07-17 01:17:14" level=debug msg="8 比牌小于:[20 28 26 23 40],[9 12 59 24 25] "
time="2021-07-17 01:18:32" level=info msg="组:-584943700,发牌:[[37 44 23 8 3] [49 45 29 5 11] [55 52 33 58 20] [39 51 25 43 60] [50 54 7 53 41]]"
time="2021-07-17 01:18:45" level=debug msg="1 比牌大于:[5 53 60 13 27],[9 12 59 24 25] "
time="2021-07-17 01:18:55" level=debug msg="2 比牌大于:[39 33 44 29 18],[9 12 59 24 25] "
time="2021-07-17 01:19:41" level=debug msg="4 比牌小于:[10 21 4 58 52],[9 12 59 24 25] "
time="2021-07-17 01:22:04" level=debug msg="8 比牌小于:[20 28 26 23 40],[9 12 59 24 25] "
