time="2021-07-20 13:31:29" level=info msg="下注：1810486725 10000"
time="2021-07-20 13:31:48" level=info msg="下注：1705948655 10000"
time="2021-07-20 13:31:57" level=info msg="组:-584943700,发牌:[[51 7 29 38 17] [9 59 28 39 49] [24 50 22 42 43] [8 5 26 1 35] [54 3 10 27 60]]"
time="2021-07-20 13:39:41" level=debug msg="1 比牌小于:[9 59 28 39 49],[51 7 29 38 17] "
time="2021-07-20 13:39:41" level=debug msg="2 比牌小于:[24 50 22 42 43],[51 7 29 38 17] "
time="2021-07-20 13:39:41" level=debug msg="4 比牌小于:[8 5 26 1 35],[51 7 29 38 17] "
time="2021-07-20 13:39:41" level=debug msg="8 比牌大于:[54 3 10 27 60],[51 7 29 38 17] "
time="2021-07-20 13:39:41" level=info msg="天输：-20000 10000 2"
time="2021-07-20 13:39:41" level=info msg="用户:1810486725总输赢:-20000"
time="2021-07-20 13:39:41" level=info msg="回写数据库:<nil>"
time="2021-07-20 14:14:11" level=info msg="下注：1810486725 10000"
time="2021-07-20 14:14:18" level=info msg="下注：1705948655 10000"
time="2021-07-20 14:14:31" level=info msg="组:-584943700,发牌:[[10 12 34 28 17] [27 54 58 13 20] [11 33 59 44 40] [51 41 29 21 4] [3 26 43 8 36]]"
time="2021-07-20 14:15:26" level=debug msg="1 比牌大于:[27 54 58 13 20],[10 12 34 28 17] "
time="2021-07-20 14:15:26" level=debug msg="2 比牌大于:[11 33 59 44 40],[10 12 34 28 17] "
time="2021-07-20 14:15:26" level=debug msg="4 比牌小于:[51 41 29 21 4],[10 12 34 28 17] "
time="2021-07-20 14:15:26" level=debug msg="8 比牌小于:[3 26 43 8 36],[10 12 34 28 17] "
time="2021-07-20 14:15:26" level=info msg="天赢：40000 10000 4"
time="2021-07-20 14:15:26" level=info msg="用户:1705948655总输赢:40000"
time="2021-07-20 14:15:30" level=info msg="回写数据库:<nil>"
time="2021-07-20 14:27:59" level=info msg="下注：1810486725 10000"
time="2021-07-20 14:28:07" level=info msg="下注：1705948655 10000"
time="2021-07-20 14:30:46" level=info msg="组:-584943700,发牌:[[4 53 3 6 22] [23 12 26 38 17] [51 11 19 50 36] [43 37 2 59 44] [1 13 61 21 34]]"
time="2021-07-20 14:31:21" level=debug msg="1 比牌大于:[23 12 26 38 17],[4 53 3 6 22] "
time="2021-07-20 14:31:21" level=debug msg="2 比牌大于:[51 11 19 50 36],[4 53 3 6 22] "
time="2021-07-20 14:31:21" level=debug msg="4 比牌大于:[43 37 2 59 44],[4 53 3 6 22] "
time="2021-07-20 14:31:21" level=debug msg="8 比牌大于:[1 13 61 21 34],[4 53 3 6 22] "
time="2021-07-20 14:31:21" level=info msg="天赢：10000 10000 1"
time="2021-07-20 14:31:27" level=info msg="用户:1705948655总输赢:10000"
time="2021-07-20 14:31:39" level=info msg="回写数据库:<nil>"
time="2021-07-20 14:43:51" level=info msg="下注：1705948655 10000"
time="2021-07-20 14:43:58" level=info msg="下注：1810486725 10000"
time="2021-07-20 14:45:45" level=info msg="组:-584943700,发牌:[[53 56 4 60 17] [39 22 10 51 52] [8 54 40 37 20] [6 18 5 41 49] [33 23 11 57 44]]"
time="2021-07-20 14:52:19" level=debug msg="1 比牌大于:[39 22 10 51 52],[53 56 4 60 17] "
time="2021-07-20 14:52:19" level=debug msg="2 比牌小于:[8 54 40 37 20],[53 56 4 60 17] "
time="2021-07-20 14:52:19" level=debug msg="4 比牌小于:[6 18 5 41 49],[53 56 4 60 17] "
time="2021-07-20 14:52:19" level=debug msg="8 比牌小于:[33 23 11 57 44],[53 56 4 60 17] "
time="2021-07-20 14:52:19" level=info msg="天赢：40000 10000 4"
time="2021-07-20 14:52:25" level=info msg="用户:1705948655总输赢:40000"
time="2021-07-20 14:52:57" level=info msg="回写数据库:<nil>"
time="2021-07-20 14:53:05" level=info msg="下注：1810486725 10000"
time="2021-07-20 14:53:10" level=info msg="下注：1705948655 10000"
time="2021-07-20 14:54:33" level=info msg="组:-584943700,发牌:[[23 50 28 5 22] [43 8 19 57 7] [36 59 2 34 9] [21 20 45 54 60] [40 44 25 61 52]]"
time="2021-07-20 14:54:38" level=debug msg="1 比牌大于:[43 8 19 57 7],[23 50 28 5 22] "
time="2021-07-20 14:54:38" level=debug msg="2 比牌小于:[36 59 2 34 9],[23 50 28 5 22] "
time="2021-07-20 14:54:38" level=debug msg="4 比牌大于:[21 20 45 54 60],[23 50 28 5 22] "
time="2021-07-20 14:54:38" level=debug msg="8 比牌大于:[40 44 25 61 52],[23 50 28 5 22] "
time="2021-07-20 14:54:38" level=info msg="天赢：20000 10000 2"
time="2021-07-20 14:54:51" level=info msg="用户:1810486725总输赢:20000"
time="2021-07-20 15:02:05" level=info msg="下注：1705948655 10000"
time="2021-07-20 15:02:15" level=info msg="下注：1810486725 10000"
time="2021-07-20 15:05:53" level=info msg="组:-584943700,发牌:[[10 9 17 11 56] [23 55 6 51 24] [21 26 2 41 58] [38 19 60 44 33] [57 35 53 13 20]]"
time="2021-07-20 15:05:57" level=debug msg="1 比牌小于:[23 55 6 51 24],[10 9 17 11 56] "
time="2021-07-20 15:05:57" level=debug msg="2 比牌小于:[21 26 2 41 58],[10 9 17 11 56] "
time="2021-07-20 15:05:57" level=debug msg="4 比牌大于:[38 19 60 44 33],[10 9 17 11 56] "
time="2021-07-20 15:05:57" level=debug msg="8 比牌小于:[57 35 53 13 20],[10 9 17 11 56] "
time="2021-07-20 15:05:57" level=info msg="天输：-20000 10000 2"
time="2021-07-20 15:06:01" level=info msg="用户:1810486725总输赢:-20000"
time="2021-07-20 15:06:35" level=info msg="回写数据库:<nil>"
time="2021-07-20 20:53:24" level=info msg="下注：1810486725 10000"
time="2021-07-20 20:53:52" level=info msg="下注：1810486725 10000"
time="2021-07-20 20:57:43" level=info msg="下注：1705948655 10000"
time="2021-07-20 21:39:03" level=info msg="组:-1001503499029,发牌:[[20 13 29 3 7] [21 37 10 18 19] [45 58 51 2 40] [49 4 36 35 22] [23 28 55 34 60]]"
time="2021-07-20 21:40:22" level=info msg="下注：1810486725 10000"
time="2021-07-20 21:41:06" level=info msg="组:-1001503499029,发牌:[[24 42 3 55 21] [54 5 38 28 22] [41 33 12 23 37] [56 51 9 61 8] [11 52 36 20 29]]"
time="2021-07-20 21:41:13" level=debug msg="1 比牌小于:[54 5 38 28 22],[24 42 3 55 21] "
time="2021-07-20 21:41:13" level=debug msg="2 比牌小于:[41 33 12 23 37],[24 42 3 55 21] "
time="2021-07-20 21:41:13" level=debug msg="4 比牌大于:[56 51 9 61 8],[24 42 3 55 21] "
time="2021-07-20 21:41:13" level=debug msg="8 比牌小于:[11 52 36 20 29],[24 42 3 55 21] "
time="2021-07-20 21:41:13" level=info msg="天输：-10000 10000 1"
time="2021-07-20 22:43:56" level=info msg="下注：1810486725 10000"
time="2021-07-20 22:44:36" level=info msg="下注：1810486725 10000"
time="2021-07-20 23:11:02" level=info msg="组:-1001503499029,发牌:[[11 7 24 5 58] [4 27 54 52 50] [55 57 26 13 35] [3 59 36 25 2] [33 6 45 21 17]]"
time="2021-07-20 23:11:23" level=debug msg="1 比牌小于:[4 27 54 52 50],[11 7 24 5 58] "
time="2021-07-20 23:11:23" level=debug msg="2 比牌小于:[55 57 26 13 35],[11 7 24 5 58] "
time="2021-07-20 23:11:23" level=debug msg="4 比牌小于:[3 59 36 25 2],[11 7 24 5 58] "
time="2021-07-20 23:11:23" level=debug msg="8 比牌小于:[33 6 45 21 17],[11 7 24 5 58] "
time="2021-07-20 23:11:26" level=info msg="回写数据库:<nil>"
time="2021-07-20 23:49:31" level=info msg="下注：1810486725 10000"
time="2021-07-20 23:53:00" level=info msg="下注：1810486725 10000"
