time="2021-07-15 00:58:11" level=info msg="发牌[[60 57 39 29 36] [3 21 52 24 26] [22 2 27 40 23] [13 4 34 7 55] [11 28 61 17 51]]"
time="2021-07-15 01:03:27" level=info msg="组:-587354681,发牌:[\x0368\f\x14 5\n\x06)! #\x1a<\x16& \x197(\x122 3\x1d\x1b\x18']"
time="2021-07-15 01:03:55" level=info msg="组:-587354681,发牌:[\f\x17\x06+- \x11\x1d4)\x05 \x121'\n3 $\x1c65\x19 \t;,*&]"
time="2021-07-15 01:06:09" level=info msg="组:-587354681,发牌:[2d121c2338 190d143732 01170c110a 263b29282c 33041a0216]"
time="2021-07-15 01:07:49" level=info msg="组:-587354681,发牌:[[36 39 8 57 7] [6 49 58 28 54] [11 60 33 19 50] [3 13 43 9 59] [4 17 61 52 18]]"
time="2021-07-15 01:41:34" level=info msg="组:-587354681,发牌:[[52 7 33 23 2] [59 29 25 42 43] [26 5 54 56 4] [36 6 60 45 39] [17 49 21 57 37]]"
time="2021-07-15 01:43:48" level=info msg="组:-587354681,发牌:[[2 24 45 44 26] [6 40 11 37 12] [13 36 38 50 25] [39 35 33 59 52] [27 56 23 8 51]]"
time="2021-07-15 18:56:47" level=info msg="组:-587354681,发牌:[[49 3 25 10 39] [56 2 35 43 18] [40 1 28 9 26] [20 53 57 55 51] [4 21 41 12 27]]"
time="2021-07-15 18:56:54" level=info msg="1 比牌小于:[56 2 35 43 18],[49 3 25 10 39] "
time="2021-07-15 18:56:54" level=info msg="2 比牌小于:[40 1 28 9 26],[49 3 25 10 39] "
time="2021-07-15 18:56:54" level=info msg="4 比牌小于:[20 53 57 55 51],[49 3 25 10 39] "
time="2021-07-15 18:56:54" level=info msg="8 比牌小于:[4 21 41 12 27],[49 3 25 10 39] "
time="2021-07-15 19:05:38" level=info msg="1 比牌小于:[56 2 35 43 18],[49 3 25 10 39] "
time="2021-07-15 19:05:38" level=info msg="2 比牌小于:[40 1 28 9 26],[49 3 25 10 39] "
time="2021-07-15 19:05:38" level=info msg="4 比牌小于:[20 53 57 55 51],[49 3 25 10 39] "
time="2021-07-15 19:05:38" level=info msg="8 比牌小于:[4 21 41 12 27],[49 3 25 10 39] "
time="2021-07-15 19:08:46" level=info msg="1 比牌小于:[56 2 35 43 18],[49 3 25 10 39] "
time="2021-07-15 19:09:08" level=info msg="2 比牌小于:[40 1 28 9 26],[49 3 25 10 39] "
time="2021-07-15 19:09:08" level=info msg="4 比牌小于:[20 53 57 55 51],[49 3 25 10 39] "
time="2021-07-15 19:09:08" level=info msg="8 比牌小于:[4 21 41 12 27],[49 3 25 10 39] "
time="2021-07-15 19:15:38" level=info msg="1 比牌小于:[56 2 35 43 18],[49 3 25 10 39] "
time="2021-07-15 19:16:13" level=info msg="2 比牌小于:[40 1 28 9 26],[49 3 25 10 39] "
time="2021-07-15 19:25:13" level=info msg="组:-587354681,发牌:[[2 11 41 44 9] [13 29 4 5 25] [23 21 53 37 51] [27 22 10 28 43] [59 55 39 52 24]]"
time="2021-07-15 19:25:21" level=info msg="1 比牌小于:[13 29 4 5 25],[2 11 41 44 9] "
time="2021-07-15 19:25:24" level=info msg="2 比牌小于:[23 21 53 37 51],[2 11 41 44 9] "
time="2021-07-15 19:25:24" level=info msg="4 比牌小于:[27 22 10 28 43],[2 11 41 44 9] "
time="2021-07-15 19:25:24" level=info msg="8 比牌小于:[59 55 39 52 24],[2 11 41 44 9] "
time="2021-07-15 19:25:49" level=info msg="组:-587354681,发牌:[[2 53 23 10 9] [29 42 36 19 34] [45 24 12 37 22] [44 5 43 40 17] [52 35 21 26 7]]"
time="2021-07-15 19:25:54" level=info msg="1 比牌大于:[29 42 36 19 34],[2 53 23 10 9] "
time="2021-07-15 19:25:54" level=info msg="2 比牌大于:[45 24 12 37 22],[2 53 23 10 9] "
time="2021-07-15 19:25:54" level=info msg="4 比牌大于:[44 5 43 40 17],[2 53 23 10 9] "
time="2021-07-15 19:25:54" level=info msg="8 比牌大于:[52 35 21 26 7],[2 53 23 10 9] "
time="2021-07-15 19:27:02" level=info msg="组:-587354681,发牌:[[33 27 19 5 6] [23 29 42 58 24] [44 12 1 34 60] [41 10 38 59 13] [8 61 54 3 51]]"
time="2021-07-15 19:27:16" level=info msg="1 比牌大于:[23 29 42 58 24],[33 27 19 5 6] "
time="2021-07-15 19:27:16" level=info msg="2 比牌小于:[44 12 1 34 60],[33 27 19 5 6] "
time="2021-07-15 19:27:16" level=info msg="4 比牌大于:[41 10 38 59 13],[33 27 19 5 6] "
time="2021-07-15 19:27:16" level=info msg="8 比牌大于:[8 61 54 3 51],[33 27 19 5 6] "
time="2021-07-15 19:28:05" level=info msg="组:-587354681,发牌:[[60 4 28 8 10] [33 37 42 44 45] [27 25 59 49 1] [54 29 9 18 3] [51 12 36 22 61]]"
time="2021-07-15 19:28:16" level=info msg="1 比牌大于:[33 37 42 44 45],[60 4 28 8 10] "
time="2021-07-15 19:28:16" level=info msg="2 比牌小于:[27 25 59 49 1],[60 4 28 8 10] "
time="2021-07-15 19:28:16" level=info msg="4 比牌大于:[54 29 9 18 3],[60 4 28 8 10] "
time="2021-07-15 19:28:16" level=info msg="8 比牌大于:[51 12 36 22 61],[60 4 28 8 10] "
time="2021-07-15 19:31:48" level=info msg="1 比牌大于:[33 37 42 44 45],[60 4 28 8 10] "
time="2021-07-15 19:31:58" level=info msg="2 比牌小于:[27 25 59 49 1],[60 4 28 8 10] "
time="2021-07-15 19:32:55" level=info msg="4 比牌大于:[54 29 9 18 3],[60 4 28 8 10] "
time="2021-07-15 19:33:12" level=info msg="8 比牌大于:[51 12 36 22 61],[60 4 28 8 10] "
time="2021-07-15 19:38:16" level=info msg="1 比牌大于:[33 37 42 44 45],[60 4 28 8 10] "
time="2021-07-15 19:38:16" level=info msg="2 比牌小于:[27 25 59 49 1],[60 4 28 8 10] "
time="2021-07-15 19:38:16" level=info msg="4 比牌大于:[54 29 9 18 3],[60 4 28 8 10] "
time="2021-07-15 19:38:16" level=info msg="8 比牌大于:[51 12 36 22 61],[60 4 28 8 10] "
time="2021-07-15 19:38:23" level=info msg="用户:1705948655总输赢:10000"
time="2021-07-15 19:39:30" level=info msg="1 比牌大于:[33 37 42 44 45],[60 4 28 8 10] "
time="2021-07-15 19:39:30" level=info msg="2 比牌小于:[27 25 59 49 1],[60 4 28 8 10] "
time="2021-07-15 19:39:30" level=info msg="4 比牌大于:[54 29 9 18 3],[60 4 28 8 10] "
time="2021-07-15 19:39:30" level=info msg="8 比牌大于:[51 12 36 22 61],[60 4 28 8 10] "
time="2021-07-15 19:39:30" level=info msg="用户:1705948655总输赢:20000"
time="2021-07-15 19:39:33" level=info msg="用户:1810486725总输赢:40000"
time="2021-07-15 19:41:09" level=info msg="组:-587354681,发牌:[[2 4 37 23 61] [26 60 40 25 36] [1 44 11 29 27] [56 3 13 6 22] [19 45 59 18 57]]"
time="2021-07-15 19:41:20" level=info msg="1 比牌小于:[26 60 40 25 36],[2 4 37 23 61] "
time="2021-07-15 19:41:20" level=info msg="2 比牌小于:[1 44 11 29 27],[2 4 37 23 61] "
time="2021-07-15 19:41:20" level=info msg="4 比牌小于:[56 3 13 6 22],[2 4 37 23 61] "
time="2021-07-15 19:41:20" level=info msg="8 比牌小于:[19 45 59 18 57],[2 4 37 23 61] "
time="2021-07-15 19:41:20" level=info msg="用户:1705948655总输赢:-20000"
time="2021-07-15 19:41:20" level=info msg="用户:1810486725总输赢:-100000"
time="2021-07-15 19:41:58" level=info msg="组:-587354681,发牌:[[61 58 12 9 39] [59 43 60 45 20] [49 41 1 18 57] [24 36 17 5 38] [53 3 37 19 50]]"
time="2021-07-15 19:42:12" level=info msg="1 比牌小于:[59 43 60 45 20],[61 58 12 9 39] "
time="2021-07-15 19:42:12" level=info msg="2 比牌小于:[49 41 1 18 57],[61 58 12 9 39] "
time="2021-07-15 19:42:12" level=info msg="4 比牌小于:[24 36 17 5 38],[61 58 12 9 39] "
time="2021-07-15 19:42:12" level=info msg="8 比牌大于:[53 3 37 19 50],[61 58 12 9 39] "
time="2021-07-15 19:42:12" level=info msg="用户:1810486725总输赢:-120000"
time="2021-07-15 19:42:12" level=info msg="用户:1705948655总输赢:-30000"
time="2021-07-15 19:44:54" level=info msg="组:-587354681,发牌:[[42 44 40 35 56] [23 11 27 12 50] [55 5 59 54 41] [24 13 60 19 58] [10 53 20 2 52]]"
time="2021-07-15 19:45:05" level=info msg="1 比牌大于:[23 11 27 12 50],[42 44 40 35 56] "
time="2021-07-15 19:45:05" level=info msg="2 比牌大于:[55 5 59 54 41],[42 44 40 35 56] "
time="2021-07-15 19:45:05" level=info msg="4 比牌大于:[24 13 60 19 58],[42 44 40 35 56] "
time="2021-07-15 19:45:05" level=info msg="8 比牌大于:[10 53 20 2 52],[42 44 40 35 56] "
time="2021-07-15 19:45:05" level=info msg="用户:1705948655总输赢:-10000"
time="2021-07-15 19:45:05" level=info msg="用户:1810486725总输赢:-100000"
time="2021-07-15 20:12:24" level=info msg="1 比牌大于:[23 11 27 12 50],[42 44 40 35 56] "
time="2021-07-15 20:12:30" level=info msg="2 比牌大于:[55 5 59 54 41],[42 44 40 35 56] "
time="2021-07-15 20:12:31" level=info msg="4 比牌大于:[24 13 60 19 58],[42 44 40 35 56] "
time="2021-07-15 20:12:33" level=info msg="8 比牌大于:[56 2 53 12 20],[42 44 40 35 56] "
time="2021-07-15 20:12:33" level=info msg="用户:1810486725总输赢:90000"
time="2021-07-15 20:13:04" level=info msg="1 比牌大于:[23 11 27 12 50],[42 44 40 35 56] "
time="2021-07-15 20:13:04" level=info msg="2 比牌大于:[55 5 59 54 41],[42 44 40 35 56] "
time="2021-07-15 20:13:04" level=info msg="4 比牌大于:[24 13 60 19 58],[42 44 40 35 56] "
time="2021-07-15 20:13:04" level=info msg="8 比牌大于:[56 2 53 12 20],[42 44 40 35 56] "
time="2021-07-15 20:15:23" level=info msg="1 比牌大于:[23 11 27 12 50],[42 44 40 35 56] "
time="2021-07-15 20:15:23" level=info msg="2 比牌大于:[55 5 59 54 41],[42 44 40 35 56] "
time="2021-07-15 20:15:23" level=info msg="4 比牌大于:[24 13 60 19 58],[42 44 40 35 56] "
time="2021-07-15 20:15:23" level=info msg="8 比牌大于:[56 2 53 12 20],[42 44 40 35 56] "
time="2021-07-15 20:15:26" level=info msg="用户:1810486725总输赢:90000"
