time="2021-07-19 00:10:53" level=info msg="组:-584943700,发牌:[[41 42 3 40 13] [53 7 11 51 29] [5 21 33 6 22] [8 26 50 1 24] [4 18 9 23 52]]"
time="2021-07-19 00:11:09" level=debug msg="1 比牌小于:[53 7 11 51 29],[41 42 3 40 13] "
time="2021-07-19 00:11:09" level=debug msg="2 比牌小于:[5 21 33 6 22],[41 42 3 40 13] "
time="2021-07-19 00:11:09" level=debug msg="4 比牌小于:[8 26 50 1 24],[41 42 3 40 13] "
time="2021-07-19 00:11:09" level=debug msg="8 比牌小于:[4 18 9 23 52],[41 42 3 40 13] "
time="2021-07-19 00:11:14" level=info msg="用户:1810486725总输赢:-660000"
time="2021-07-19 00:11:14" level=info msg="回写数据库:<nil>"
time="2021-07-19 00:14:22" level=info msg="组:-584943700,发牌:[[60 5 53 50 10] [54 7 25 36 23] [24 1 4 9 27] [20 3 8 38 57] [58 28 35 51 12]]"
time="2021-07-19 00:14:28" level=debug msg="1 比牌大于:[54 7 25 36 23],[60 5 53 50 10] "
time="2021-07-19 00:14:28" level=debug msg="2 比牌小于:[24 1 4 9 27],[60 5 53 50 10] "
time="2021-07-19 00:14:28" level=debug msg="4 比牌大于:[20 3 8 38 57],[60 5 53 50 10] "
time="2021-07-19 00:14:28" level=debug msg="8 比牌大于:[58 28 35 51 12],[60 5 53 50 10] "
time="2021-07-19 00:14:28" level=info msg="用户:1810486725总输赢:0"
time="2021-07-19 00:14:28" level=info msg="回写数据库:<nil>"
time="2021-07-19 00:15:53" level=info msg="组:-584943700,发牌:[[58 35 60 36 34] [7 40 22 56 41] [23 51 3 28 29] [37 21 25 24 13] [54 5 20 26 53]]"
time="2021-07-19 00:19:00" level=debug msg="1 比牌小于:[7 40 22 56 41],[58 35 60 36 34] "
time="2021-07-19 00:19:00" level=debug msg="2 比牌大于:[23 51 3 28 29],[58 35 60 36 34] "
time="2021-07-19 00:19:00" level=debug msg="4 比牌大于:[37 21 25 24 13],[58 35 60 36 34] "
time="2021-07-19 00:19:00" level=debug msg="8 比牌大于:[54 5 20 26 53],[58 35 60 36 34] "
time="2021-07-19 00:19:49" level=info msg="用户:1810486725总输赢:-20000"
time="2021-07-19 00:20:12" level=info msg="回写数据库:<nil>"
time="2021-07-19 00:22:48" level=info msg="组:-584943700,发牌:[[28 8 27 3 20] [39 55 29 56 35] [45 26 51 22 57] [21 54 60 37 11] [9 49 61 38 59]]"
time="2021-07-19 00:22:58" level=debug msg="1 比牌大于:[39 55 29 56 35],[28 8 27 3 20] "
time="2021-07-19 00:22:58" level=debug msg="2 比牌大于:[45 26 51 22 57],[28 8 27 3 20] "
time="2021-07-19 00:22:58" level=debug msg="4 比牌大于:[21 54 60 37 11],[28 8 27 3 20] "
time="2021-07-19 00:22:58" level=debug msg="8 比牌大于:[9 49 61 38 59],[28 8 27 3 20] "
time="2021-07-19 00:23:00" level=info msg="用户:1810486725总输赢:0"
time="2021-07-19 00:23:02" level=info msg="回写数据库:<nil>"
time="2021-07-19 00:28:11" level=info msg="组:-584943700,发牌:[[52 8 60 2 38] [13 55 43 39 7] [25 23 6 41 1] [5 44 12 19 53] [18 58 10 49 40]]"
time="2021-07-19 00:28:16" level=debug msg="1 比牌小于:[13 55 43 39 7],[52 8 60 2 38] "
time="2021-07-19 00:28:16" level=debug msg="2 比牌小于:[25 23 6 41 1],[52 8 60 2 38] "
time="2021-07-19 00:28:16" level=debug msg="4 比牌小于:[5 44 12 19 53],[52 8 60 2 38] "
time="2021-07-19 00:28:16" level=debug msg="8 比牌小于:[18 58 10 49 40],[52 8 60 2 38] "
time="2021-07-19 00:28:33" level=info msg="用户:1810486725总输赢:-100000"
time="2021-07-19 00:28:33" level=info msg="回写数据库:<nil>"
time="2021-07-19 00:29:19" level=info msg="组:-584943700,发牌:[[60 38 52 28 24] [5 45 3 23 56] [43 20 29 49 42] [59 17 10 50 54] [6 61 2 18 44]]"
time="2021-07-19 00:29:23" level=debug msg="1 比牌小于:[5 45 3 23 56],[60 38 52 28 24] "
time="2021-07-19 00:29:23" level=debug msg="2 比牌小于:[43 20 29 49 42],[60 38 52 28 24] "
time="2021-07-19 00:29:23" level=debug msg="4 比牌小于:[59 17 10 50 54],[60 38 52 28 24] "
time="2021-07-19 00:29:23" level=debug msg="8 比牌大于:[6 61 2 18 44],[60 38 52 28 24] "
time="2021-07-19 00:29:34" level=info msg="用户:1810486725总输赢:-30000"
time="2021-07-19 00:29:34" level=info msg="回写数据库:<nil>"
time="2021-07-19 00:33:42" level=info msg="组:-584943700,发牌:[[43 1 59 22 18] [39 50 54 38 13] [24 60 9 19 52] [53 58 45 57 55] [44 40 34 5 20]]"
time="2021-07-19 00:33:46" level=debug msg="1 比牌大于:[39 50 54 38 13],[43 1 59 22 18] "
time="2021-07-19 00:33:46" level=debug msg="2 比牌大于:[24 60 9 19 52],[43 1 59 22 18] "
time="2021-07-19 00:33:46" level=debug msg="4 比牌大于:[53 58 45 57 55],[43 1 59 22 18] "
time="2021-07-19 00:33:46" level=debug msg="8 比牌大于:[44 40 34 5 20],[43 1 59 22 18] "
time="2021-07-19 00:33:49" level=info msg="用户:1810486725总输赢:0"
time="2021-07-19 00:33:49" level=info msg="回写数据库:<nil>"
time="2021-07-19 00:34:11" level=info msg="组:-584943700,发牌:[[20 37 18 24 56] [5 43 61 35 34] [60 42 6 41 12] [25 23 58 40 29] [17 8 49 27 38]]"
time="2021-07-19 00:34:15" level=debug msg="1 比牌大于:[5 43 61 35 34],[20 37 18 24 56] "
time="2021-07-19 00:34:15" level=debug msg="2 比牌小于:[60 42 6 41 12],[20 37 18 24 56] "
time="2021-07-19 00:34:15" level=debug msg="4 比牌小于:[25 23 58 40 29],[20 37 18 24 56] "
time="2021-07-19 00:34:15" level=debug msg="8 比牌小于:[17 8 49 27 38],[20 37 18 24 56] "
time="2021-07-19 00:34:15" level=info msg="用户:1810486725总输赢:30000"
time="2021-07-19 00:34:15" level=info msg="回写数据库:<nil>"
time="2021-07-19 00:37:48" level=info msg="组:-584943700,发牌:[[35 37 34 8 17] [6 2 50 18 44] [29 43 28 33 23] [45 61 10 39 5] [7 26 54 27 42]]"
time="2021-07-19 00:37:53" level=debug msg="1 比牌小于:[6 2 50 18 44],[35 37 34 8 17] "
time="2021-07-19 00:37:53" level=debug msg="2 比牌小于:[29 43 28 33 23],[35 37 34 8 17] "
time="2021-07-19 00:37:53" level=debug msg="4 比牌小于:[45 61 10 39 5],[35 37 34 8 17] "
time="2021-07-19 00:37:53" level=debug msg="8 比牌小于:[7 26 54 27 42],[35 37 34 8 17] "
time="2021-07-19 00:37:53" level=info msg="用户:1810486725总输赢:-40000"
time="2021-07-19 00:37:53" level=info msg="回写数据库:<nil>"
time="2021-07-19 00:39:19" level=info msg="组:-584943700,发牌:[[29 55 50 33 11] [22 49 19 20 42] [38 45 24 5 8] [56 12 2 44 4] [34 52 35 60 36]]"
time="2021-07-19 00:39:24" level=debug msg="1 比牌小于:[22 49 19 20 42],[29 55 50 33 11] "
time="2021-07-19 00:39:24" level=debug msg="2 比牌小于:[38 45 24 5 8],[29 55 50 33 11] "
time="2021-07-19 00:39:24" level=debug msg="4 比牌小于:[56 12 2 44 4],[29 55 50 33 11] "
time="2021-07-19 00:39:24" level=debug msg="8 比牌小于:[34 52 35 60 36],[29 55 50 33 11] "
time="2021-07-19 00:39:24" level=info msg="用户:1810486725总输赢:-50000"
time="2021-07-19 00:39:24" level=info msg="回写数据库:<nil>"
time="2021-07-19 00:41:18" level=info msg="组:-584943700,发牌:[[24 29 38 11 43] [40 27 34 28 57] [12 6 36 25 60] [13 37 56 61 26] [2 17 9 22 51]]"
time="2021-07-19 00:41:22" level=debug msg="1 比牌大于:[40 27 34 28 57],[24 29 38 11 43] "
time="2021-07-19 00:41:22" level=debug msg="2 比牌大于:[12 6 36 25 60],[24 29 38 11 43] "
time="2021-07-19 00:41:22" level=debug msg="4 比牌小于:[13 37 56 61 26],[24 29 38 11 43] "
time="2021-07-19 00:41:22" level=debug msg="8 比牌小于:[2 17 9 22 51],[24 29 38 11 43] "
time="2021-07-19 00:41:22" level=info msg="天赢：20000 10000 3"
time="2021-07-19 00:41:22" level=info msg="用户:1810486725总输赢:20000"
time="2021-07-19 00:41:22" level=info msg="回写数据库:<nil>"
time="2021-07-19 00:41:58" level=info msg="组:-584943700,发牌:[[39 5 7 26 45] [55 20 36 52 19] [61 34 42 53 2] [38 24 57 11 40] [59 3 8 33 51]]"
time="2021-07-19 00:42:02" level=debug msg="1 比牌小于:[55 20 36 52 19],[39 5 7 26 45] "
time="2021-07-19 00:42:02" level=debug msg="2 比牌大于:[61 34 42 53 2],[39 5 7 26 45] "
time="2021-07-19 00:42:02" level=debug msg="4 比牌小于:[38 24 57 11 40],[39 5 7 26 45] "
time="2021-07-19 00:42:02" level=debug msg="8 比牌小于:[59 3 8 33 51],[39 5 7 26 45] "
time="2021-07-19 00:42:02" level=info msg="天输：-20000 10000 1"
time="2021-07-19 00:42:02" level=info msg="用户:1810486725总输赢:-20000"
time="2021-07-19 00:42:02" level=info msg="回写数据库:<nil>"
time="2021-07-19 00:51:06" level=info msg="组:-584943700,发牌:[[13 12 52 56 44] [9 18 17 25 29] [41 26 3 36 34] [20 40 27 54 57] [35 37 10 19 28]]"
time="2021-07-19 00:51:12" level=debug msg="1 比牌小于:[9 18 17 25 29],[13 12 52 56 44] "
time="2021-07-19 00:51:12" level=debug msg="2 比牌小于:[41 26 3 36 34],[13 12 52 56 44] "
time="2021-07-19 00:51:12" level=debug msg="4 比牌大于:[20 40 27 54 57],[13 12 52 56 44] "
time="2021-07-19 00:51:12" level=debug msg="8 比牌小于:[35 37 10 19 28],[13 12 52 56 44] "
time="2021-07-19 01:16:38" level=info msg="组:-584943700,发牌:[[5 55 53 24 17] [36 35 49 43 21] [20 51 2 42 54] [57 34 9 27 7] [6 19 56 25 58]]"
time="2021-07-19 01:16:52" level=debug msg="1 比牌小于:[36 35 49 43 21],[5 55 53 24 17] "
time="2021-07-19 01:16:52" level=debug msg="2 比牌小于:[20 51 2 42 54],[5 55 53 24 17] "
time="2021-07-19 01:16:52" level=debug msg="4 比牌大于:[57 34 9 27 7],[5 55 53 24 17] "
time="2021-07-19 01:16:52" level=debug msg="8 比牌大于:[6 19 56 25 58],[5 55 53 24 17] "
time="2021-07-19 01:16:52" level=info msg="天输：0 10000 1"
time="2021-07-19 01:16:52" level=info msg="用户:1810486725总输赢:0"
time="2021-07-19 01:17:12" level=info msg="回写数据库:<nil>"
time="2021-07-19 01:18:54" level=info msg="组:-584943700,发牌:[[54 18 35 13 12] [20 8 4 55 52] [38 9 26 6 10] [34 3 29 19 43] [56 39 53 7 57]]"
time="2021-07-19 01:18:58" level=debug msg="1 比牌小于:[20 8 4 55 52],[54 18 35 13 12] "
time="2021-07-19 01:18:58" level=debug msg="2 比牌小于:[38 9 26 6 10],[54 18 35 13 12] "
time="2021-07-19 01:18:58" level=debug msg="4 比牌大于:[34 3 29 19 43],[54 18 35 13 12] "
time="2021-07-19 01:18:58" level=debug msg="8 比牌大于:[56 39 53 7 57],[54 18 35 13 12] "
time="2021-07-19 01:21:37" level=info msg="组:-584943700,发牌:[[23 37 53 7 50] [17 22 42 10 5] [35 27 1 3 9] [26 52 6 49 11] [40 58 8 36 34]]"
time="2021-07-19 01:21:42" level=debug msg="1 比牌大于:[17 22 42 10 5],[23 37 53 7 50] "
time="2021-07-19 01:21:42" level=debug msg="2 比牌大于:[35 27 1 3 9],[23 37 53 7 50] "
time="2021-07-19 01:21:42" level=debug msg="4 比牌大于:[26 52 6 49 11],[23 37 53 7 50] "
time="2021-07-19 01:21:42" level=debug msg="8 比牌大于:[40 58 8 36 34],[23 37 53 7 50] "
time="2021-07-19 01:24:53" level=info msg="组:-584943700,发牌:[[11 41 55 56 57] [1 26 6 5 12] [51 52 53 37 20] [60 22 50 44 28] [3 43 10 2 34]]"
time="2021-07-19 01:24:57" level=debug msg="1 比牌大于:[1 26 6 5 12],[11 41 55 56 57] "
time="2021-07-19 01:24:57" level=debug msg="2 比牌小于:[51 52 53 37 20],[11 41 55 56 57] "
time="2021-07-19 01:24:57" level=debug msg="4 比牌大于:[60 22 50 44 28],[11 41 55 56 57] "
time="2021-07-19 01:24:57" level=debug msg="8 比牌大于:[3 43 10 2 34],[11 41 55 56 57] "
time="2021-07-19 01:24:57" level=info msg="天赢：10000 10000 1"
time="2021-07-19 01:24:57" level=info msg="用户:1810486725总输赢:10000"
time="2021-07-19 01:25:36" level=info msg="回写数据库:<nil>"
time="2021-07-19 01:35:07" level=info msg="组:-584943700,发牌:[[21 41 34 45 10] [61 42 27 7 51] [55 28 18 43 57] [2 22 8 23 58] [24 13 26 53 4]]"
time="2021-07-19 01:35:12" level=debug msg="1 比牌大于:[61 42 27 7 51],[21 41 34 45 10] "
time="2021-07-19 01:35:12" level=debug msg="2 比牌小于:[55 28 18 43 57],[21 41 34 45 10] "
time="2021-07-19 01:35:12" level=debug msg="4 比牌大于:[2 22 8 23 58],[21 41 34 45 10] "
time="2021-07-19 01:35:12" level=debug msg="8 比牌小于:[24 13 26 53 4],[21 41 34 45 10] "
time="2021-07-19 01:35:12" level=info msg="天赢：40000 10000 4"
time="2021-07-19 01:35:12" level=info msg="用户:1810486725总输赢:40000"
time="2021-07-19 01:35:15" level=info msg="回写数据库:<nil>"
time="2021-07-19 01:36:45" level=info msg="组:-584943700,发牌:[[10 39 17 20 45] [26 55 58 8 33] [18 27 19 44 59] [34 22 6 56 9] [53 25 21 28 49]]"
time="2021-07-19 01:36:49" level=debug msg="1 比牌小于:[26 55 58 8 33],[10 39 17 20 45] "
time="2021-07-19 01:36:49" level=debug msg="2 比牌大于:[18 27 19 44 59],[10 39 17 20 45] "
time="2021-07-19 01:36:49" level=debug msg="4 比牌大于:[34 22 6 56 9],[10 39 17 20 45] "
time="2021-07-19 01:36:49" level=debug msg="8 比牌大于:[53 25 21 28 49],[10 39 17 20 45] "
time="2021-07-19 01:37:20" level=info msg="天输：-10000 10000 1"
time="2021-07-19 01:37:27" level=info msg="用户:1810486725总输赢:-10000"
time="2021-07-19 01:37:28" level=info msg="回写数据库:<nil>"
time="2021-07-19 01:37:46" level=info msg="组:-584943700,发牌:[[8 24 35 44 5] [11 1 56 60 26] [42 57 2 6 23] [59 12 7 41 53] [38 21 19 17 54]]"
time="2021-07-19 01:37:50" level=debug msg="1 比牌大于:[11 1 56 60 26],[8 24 35 44 5] "
time="2021-07-19 01:37:50" level=debug msg="2 比牌小于:[42 57 2 6 23],[8 24 35 44 5] "
time="2021-07-19 01:37:50" level=debug msg="4 比牌小于:[59 12 7 41 53],[8 24 35 44 5] "
time="2021-07-19 01:37:50" level=debug msg="8 比牌大于:[38 21 19 17 54],[8 24 35 44 5] "
time="2021-07-19 01:38:31" level=info msg="天赢：30000 10000 3"
time="2021-07-19 01:38:44" level=info msg="用户:1810486725总输赢:30000"
time="2021-07-19 01:38:44" level=info msg="回写数据库:<nil>"
time="2021-07-19 01:40:13" level=info msg="组:-584943700,发牌:[[61 36 54 18 45] [9 7 57 19 6] [28 4 35 20 51] [8 11 10 50 44] [33 39 29 37 26]]"
time="2021-07-19 01:40:17" level=debug msg="1 比牌小于:[9 7 57 19 6],[61 36 54 18 45] "
time="2021-07-19 01:40:17" level=debug msg="2 比牌大于:[28 4 35 20 51],[61 36 54 18 45] "
time="2021-07-19 01:40:17" level=debug msg="4 比牌大于:[8 11 10 50 44],[61 36 54 18 45] "
time="2021-07-19 01:40:17" level=debug msg="8 比牌小于:[33 39 29 37 26],[61 36 54 18 45] "
time="2021-07-19 01:40:48" level=info msg="天输：-10000 10000 1"
time="2021-07-19 01:41:04" level=info msg="用户:1810486725总输赢:-10000"
time="2021-07-19 01:41:20" level=info msg="回写数据库:<nil>"
time="2021-07-19 01:42:15" level=info msg="组:-584943700,发牌:[[51 26 40 13 38] [3 41 44 55 25] [50 53 12 22 60] [2 4 52 21 20] [34 27 17 5 54]]"
time="2021-07-19 01:42:18" level=debug msg="1 比牌大于:[3 41 44 55 25],[51 26 40 13 38] "
time="2021-07-19 01:42:18" level=debug msg="2 比牌小于:[50 53 12 22 60],[51 26 40 13 38] "
time="2021-07-19 01:42:18" level=debug msg="4 比牌大于:[2 4 52 21 20],[51 26 40 13 38] "
time="2021-07-19 01:42:18" level=debug msg="8 比牌小于:[34 27 17 5 54],[51 26 40 13 38] "
time="2021-07-19 01:42:23" level=info msg="天赢：20000 10000 2"
time="2021-07-19 01:43:05" level=info msg="用户:1810486725总输赢:20000"
time="2021-07-19 01:43:05" level=info msg="回写数据库:<nil>"
time="2021-07-19 01:45:30" level=info msg="组:-584943700,发牌:[[61 52 25 10 9] [26 12 17 45 21] [35 1 42 33 20] [22 5 43 41 36] [3 2 59 50 58]]"
time="2021-07-19 01:45:34" level=debug msg="1 比牌大于:[3 41 44 55 25],[51 26 40 13 38] "
time="2021-07-19 01:45:34" level=debug msg="2 比牌小于:[50 53 12 22 60],[51 26 40 13 38] "
time="2021-07-19 01:45:34" level=debug msg="4 比牌大于:[2 4 52 21 20],[51 26 40 13 38] "
time="2021-07-19 01:45:34" level=debug msg="8 比牌小于:[34 27 17 5 54],[51 26 40 13 38] "
time="2021-07-19 01:45:34" level=info msg="天赢：20000 10000 2"
time="2021-07-19 01:45:34" level=info msg="用户:1810486725总输赢:20000"
time="2021-07-19 01:45:34" level=info msg="回写数据库:<nil>"
time="2021-07-19 01:47:36" level=info msg="组:-584943700,发牌:[[19 13 49 54 36] [25 29 20 24 55] [44 11 35 52 4] [6 22 57 21 37] [28 51 3 2 45]]"
time="2021-07-19 01:47:39" level=debug msg="1 比牌大于:[3 41 44 55 25],[51 26 40 13 38] "
time="2021-07-19 01:47:39" level=debug msg="2 比牌小于:[50 53 12 22 60],[51 26 40 13 38] "
time="2021-07-19 01:47:39" level=debug msg="4 比牌大于:[2 4 52 21 20],[51 26 40 13 38] "
time="2021-07-19 01:47:39" level=debug msg="8 比牌小于:[34 27 17 5 54],[51 26 40 13 38] "
time="2021-07-19 01:49:14" level=info msg="组:-584943700,发牌:[[49 42 4 11 19] [21 3 60 9 35] [20 41 57 10 13] [12 52 33 38 36] [28 26 34 54 40]]"
time="2021-07-19 01:49:17" level=debug msg="1 比牌大于:[3 41 44 55 25],[51 26 40 13 38] "
time="2021-07-19 01:49:17" level=debug msg="2 比牌小于:[50 53 12 22 60],[51 26 40 13 38] "
time="2021-07-19 01:49:17" level=debug msg="4 比牌大于:[2 4 52 21 20],[51 26 40 13 38] "
time="2021-07-19 01:49:17" level=debug msg="8 比牌小于:[34 27 17 5 54],[51 26 40 13 38] "
