time="2021-07-16 19:36:36" level=info msg="组:-584943700,发牌:[[50 36 26 27 38] [12 6 56 5 45] [2 40 25 22 60] [51 21 20 9 52] [8 33 35 49 11]]"
time="2021-07-16 19:38:08" level=debug msg="1 比牌小于:[12 6 56 5 45],[50 36 26 27 38] "
time="2021-07-16 19:38:08" level=debug msg="2 比牌大于:[2 40 25 22 60],[50 36 26 27 38] "
time="2021-07-16 19:38:08" level=debug msg="4 比牌小于:[51 21 20 9 52],[50 36 26 27 38] "
time="2021-07-16 19:38:08" level=debug msg="8 比牌大于:[8 33 35 49 11],[50 36 26 27 38] "
time="2021-07-16 19:38:08" level=info msg="用户:1810486725总输赢:-40000"
time="2021-07-16 19:39:29" level=info msg="组:-584943700,发牌:[[51 11 4 41 22] [28 21 57 58 23] [19 55 43 2 13] [24 61 56 53 39] [45 1 26 44 25]]"
time="2021-07-16 19:39:37" level=debug msg="1 比牌小于:[28 21 57 58 23],[51 11 4 41 22] "
time="2021-07-16 19:39:37" level=debug msg="2 比牌大于:[19 55 43 2 13],[51 11 4 41 22] "
time="2021-07-16 19:39:37" level=debug msg="4 比牌大于:[24 61 56 53 39],[51 11 4 41 22] "
time="2021-07-16 19:39:37" level=debug msg="8 比牌大于:[45 1 26 44 25],[51 11 4 41 22] "
time="2021-07-16 19:39:37" level=info msg="用户:1810486725总输赢:20000"
time="2021-07-16 19:41:27" level=info msg="组:-584943700,发牌:[[51 26 57 52 44] [2 43 10 4 12] [39 28 24 35 42] [41 21 33 40 17] [34 27 45 5 19]]"
time="2021-07-16 19:41:42" level=debug msg="1 比牌小于:[2 43 10 4 12],[51 26 57 52 44] "
time="2021-07-16 19:41:42" level=debug msg="2 比牌大于:[39 28 24 35 42],[51 26 57 52 44] "
time="2021-07-16 19:41:42" level=debug msg="4 比牌小于:[41 21 33 40 17],[51 26 57 52 44] "
time="2021-07-16 19:41:42" level=debug msg="8 比牌大于:[34 27 45 5 19],[51 26 57 52 44] "
time="2021-07-16 19:41:42" level=info msg="用户:1810486725总输赢:-60000"
time="2021-07-16 19:58:48" level=info msg="组:-584943700,发牌:[[22 26 10 34 42] [21 56 43 7 9] [11 36 49 44 45] [3 33 5 61 17] [53 1 52 29 51]]"
time="2021-07-16 20:00:42" level=info msg="组:-584943700,发牌:[[10 35 33 23 53] [40 50 49 29 7] [38 18 45 5 43] [27 41 2 55 21] [12 6 25 11 17]]"
time="2021-07-16 20:01:01" level=debug msg="1 比牌大于:[40 50 49 29 7],[10 35 33 23 53] "
time="2021-07-16 20:01:01" level=debug msg="2 比牌小于:[38 18 45 5 43],[10 35 33 23 53] "
time="2021-07-16 20:01:01" level=debug msg="4 比牌小于:[27 41 2 55 21],[10 35 33 23 53] "
time="2021-07-16 20:01:01" level=debug msg="8 比牌大于:[12 6 25 11 17],[10 35 33 23 53] "
time="2021-07-16 20:01:01" level=info msg="用户:1810486725总输赢:-60000"
time="2021-07-16 20:01:05" level=info msg="回写数据库:<nil>"
time="2021-07-16 20:03:28" level=info msg="组:-584943700,发牌:[[56 42 49 34 61] [55 20 8 33 1] [13 19 58 39 3] [54 35 38 24 40] [5 17 37 52 27]]"
time="2021-07-16 20:03:33" level=debug msg="1 比牌小于:[55 20 8 33 1],[56 42 49 34 61] "
time="2021-07-16 20:03:33" level=debug msg="2 比牌大于:[13 19 58 39 3],[56 42 49 34 61] "
time="2021-07-16 20:03:33" level=debug msg="4 比牌小于:[54 35 38 24 40],[56 42 49 34 61] "
time="2021-07-16 20:03:33" level=debug msg="8 比牌大于:[5 17 37 52 27],[56 42 49 34 61] "
time="2021-07-16 20:03:33" level=info msg="用户:1810486725总输赢:-10000"
time="2021-07-16 20:03:33" level=info msg="回写数据库:<nil>"
time="2021-07-16 20:18:37" level=info msg="组:-584943700,发牌:[[35 61 8 12 41] [27 45 40 22 34] [53 9 13 17 37] [39 2 42 18 6] [51 52 21 20 7]]"
time="2021-07-16 20:18:40" level=debug msg="1 比牌小于:[27 45 40 22 34],[35 61 8 12 41] "
time="2021-07-16 20:18:40" level=debug msg="2 比牌小于:[53 9 13 17 37],[35 61 8 12 41] "
time="2021-07-16 20:18:40" level=debug msg="4 比牌小于:[39 2 42 18 6],[35 61 8 12 41] "
time="2021-07-16 20:18:40" level=debug msg="8 比牌小于:[51 52 21 20 7],[35 61 8 12 41] "
time="2021-07-16 20:18:40" level=info msg="用户:1810486725总输赢:-110000"
time="2021-07-16 20:18:40" level=info msg="回写数据库:<nil>"
time="2021-07-16 20:26:44" level=info msg="组:-584943700,发牌:[[1 28 2 58 57] [42 17 39 29 4] [18 43 10 55 38] [5 33 27 61 3] [36 53 8 44 6]]"
time="2021-07-16 20:27:22" level=debug msg="1 比牌大于:[42 17 39 29 4],[1 28 2 58 57] "
time="2021-07-16 20:27:22" level=debug msg="2 比牌小于:[18 43 10 55 38],[1 28 2 58 57] "
time="2021-07-16 20:27:22" level=debug msg="4 比牌小于:[5 33 27 61 3],[1 28 2 58 57] "
time="2021-07-16 20:27:22" level=debug msg="8 比牌大于:[36 53 8 44 6],[1 28 2 58 57] "
time="2021-07-16 20:29:58" level=info msg="组:-584943700,发牌:[[45 40 5 18 7] [34 35 55 17 2] [21 3 28 42 8] [25 36 37 24 51] [38 60 58 57 43]]"
time="2021-07-16 20:30:03" level=debug msg="1 比牌大于:[34 35 55 17 2],[45 40 5 18 7] "
time="2021-07-16 20:30:03" level=debug msg="2 比牌大于:[21 3 28 42 8],[45 40 5 18 7] "
time="2021-07-16 20:30:03" level=debug msg="4 比牌大于:[25 36 37 24 51],[45 40 5 18 7] "
time="2021-07-16 20:30:03" level=debug msg="8 比牌大于:[38 60 58 57 43],[45 40 5 18 7] "
time="2021-07-16 20:32:02" level=info msg="组:-584943700,发牌:[[60 23 12 37 39] [25 17 27 8 10] [50 53 22 49 19] [9 58 3 1 35] [38 21 2 11 36]]"
time="2021-07-16 20:32:09" level=debug msg="1 比牌大于:[25 17 27 8 10],[60 23 12 37 39] "
time="2021-07-16 20:32:09" level=debug msg="2 比牌大于:[50 53 22 49 19],[60 23 12 37 39] "
time="2021-07-16 20:32:09" level=debug msg="4 比牌大于:[9 58 3 1 35],[60 23 12 37 39] "
time="2021-07-16 20:32:09" level=debug msg="8 比牌大于:[38 21 2 11 36],[60 23 12 37 39] "
time="2021-07-16 20:33:18" level=info msg="用户:1810486725总输赢:420000"
time="2021-07-16 20:33:18" level=info msg="回写数据库:<nil>"
time="2021-07-16 20:40:13" level=info msg="组:-584943700,发牌:[[5 28 40 25 10] [6 12 38 23 55] [7 43 49 56 19] [18 60 34 4 54] [57 50 44 21 26]]"
time="2021-07-16 20:40:17" level=debug msg="1 比牌大于:[6 12 38 23 55],[5 28 40 25 10] "
time="2021-07-16 20:40:17" level=debug msg="2 比牌大于:[7 43 49 56 19],[5 28 40 25 10] "
time="2021-07-16 20:40:17" level=debug msg="4 比牌大于:[18 60 34 4 54],[5 28 40 25 10] "
time="2021-07-16 20:40:17" level=debug msg="8 比牌大于:[57 50 44 21 26],[5 28 40 25 10] "
time="2021-07-16 20:40:17" level=info msg="用户:1810486725总输赢:80000"
time="2021-07-16 20:41:06" level=info msg="回写数据库:<nil>"
time="2021-07-16 20:41:54" level=info msg="组:-584943700,发牌:[[19 53 9 22 8] [26 58 41 45 40] [12 3 1 43 38] [44 42 17 35 51] [13 11 27 4 29]]"
time="2021-07-16 20:41:59" level=debug msg="1 比牌大于:[26 58 41 45 40],[19 53 9 22 8] "
time="2021-07-16 20:41:59" level=debug msg="2 比牌大于:[12 3 1 43 38],[19 53 9 22 8] "
time="2021-07-16 20:41:59" level=debug msg="4 比牌小于:[44 42 17 35 51],[19 53 9 22 8] "
time="2021-07-16 20:41:59" level=debug msg="8 比牌大于:[13 11 27 4 29],[19 53 9 22 8] "
time="2021-07-16 20:41:59" level=info msg="用户:1810486725总输赢:-20000"
time="2021-07-16 20:41:59" level=info msg="回写数据库:<nil>"
time="2021-07-16 20:44:25" level=info msg="组:-584943700,发牌:[[36 40 17 19 60] [13 26 41 6 55] [12 45 52 1 42] [18 43 24 23 57] [61 29 2 44 20]]"
time="2021-07-16 20:44:46" level=debug msg="1 比牌小于:[13 26 41 6 55],[36 40 17 19 60] "
time="2021-07-16 20:44:46" level=debug msg="2 比牌小于:[12 45 52 1 42],[36 40 17 19 60] "
time="2021-07-16 20:44:46" level=debug msg="4 比牌小于:[18 43 24 23 57],[36 40 17 19 60] "
time="2021-07-16 20:44:46" level=debug msg="8 比牌大于:[61 29 2 44 20],[36 40 17 19 60] "
time="2021-07-16 20:44:46" level=info msg="用户:1810486725总输赢:-70000"
time="2021-07-16 20:45:18" level=info msg="回写数据库:<nil>"
time="2021-07-16 20:53:07" level=info msg="组:-584943700,发牌:[[24 37 3 4 35] [45 40 42 9 19] [54 6 57 8 20] [44 23 29 61 33] [13 50 52 10 34]]"
time="2021-07-16 20:53:12" level=debug msg="1 比牌大于:[45 40 42 9 19],[24 37 3 4 35] "
time="2021-07-16 20:53:12" level=debug msg="2 比牌大于:[54 6 57 8 20],[24 37 3 4 35] "
time="2021-07-16 20:53:12" level=debug msg="4 比牌大于:[44 23 29 61 33],[24 37 3 4 35] "
time="2021-07-16 20:53:12" level=debug msg="8 比牌大于:[13 50 52 10 34],[24 37 3 4 35] "
time="2021-07-16 20:53:12" level=info msg="用户:1810486725总输赢:20000"
time="2021-07-16 20:53:21" level=info msg="回写数据库:<nil>"
time="2021-07-16 20:55:20" level=info msg="组:-584943700,发牌:[[59 21 51 35 42] [57 11 49 55 27] [1 25 38 60 9] [54 39 2 53 29] [22 41 23 43 8]]"
time="2021-07-16 20:55:24" level=debug msg="1 比牌大于:[57 11 49 55 27],[59 21 51 35 42] "
time="2021-07-16 20:55:24" level=debug msg="2 比牌大于:[1 25 38 60 9],[59 21 51 35 42] "
time="2021-07-16 20:55:24" level=debug msg="4 比牌大于:[54 39 2 53 29],[59 21 51 35 42] "
time="2021-07-16 20:55:24" level=debug msg="8 比牌大于:[22 41 23 43 8],[59 21 51 35 42] "
time="2021-07-16 20:55:24" level=info msg="用户:1810486725总输赢:60000"
time="2021-07-16 20:55:24" level=info msg="回写数据库:<nil>"
time="2021-07-16 20:58:30" level=info msg="组:-584943700,发牌:[[12 38 52 49 4] [55 25 18 34 44] [58 11 60 45 35] [19 1 5 61 53] [20 29 39 23 57]]"
time="2021-07-16 20:58:34" level=debug msg="1 比牌大于:[55 25 18 34 44],[12 38 52 49 4] "
time="2021-07-16 20:58:34" level=debug msg="2 比牌小于:[58 11 60 45 35],[12 38 52 49 4] "
time="2021-07-16 20:58:34" level=debug msg="4 比牌小于:[19 1 5 61 53],[12 38 52 49 4] "
time="2021-07-16 20:58:34" level=debug msg="8 比牌大于:[20 29 39 23 57],[12 38 52 49 4] "
time="2021-07-16 20:58:34" level=info msg="用户:1810486725总输赢:-120000"
time="2021-07-16 20:58:34" level=info msg="回写数据库:<nil>"
time="2021-07-16 21:03:27" level=info msg="组:-584943700,发牌:[[17 55 44 2 41] [33 45 52 29 7] [8 61 21 40 57] [12 5 53 24 1] [51 27 4 3 58]]"
time="2021-07-16 21:03:32" level=debug msg="1 比牌小于:[33 45 52 29 7],[17 55 44 2 41] "
time="2021-07-16 21:03:32" level=debug msg="2 比牌大于:[8 61 21 40 57],[17 55 44 2 41] "
time="2021-07-16 21:03:32" level=debug msg="4 比牌小于:[12 5 53 24 1],[17 55 44 2 41] "
time="2021-07-16 21:03:32" level=debug msg="8 比牌大于:[51 27 4 3 58],[17 55 44 2 41] "
time="2021-07-16 21:03:32" level=info msg="用户:1810486725总输赢:-100000"
time="2021-07-16 21:03:32" level=info msg="回写数据库:<nil>"
time="2021-07-16 21:03:48" level=info msg="组:-584943700,发牌:[[55 1 4 50 5] [2 22 61 8 33] [27 17 53 24 51] [7 29 39 23 10] [19 18 45 42 6]]"
time="2021-07-16 21:03:53" level=debug msg="1 比牌小于:[2 22 61 8 33],[55 1 4 50 5] "
time="2021-07-16 21:03:53" level=debug msg="2 比牌小于:[27 17 53 24 51],[55 1 4 50 5] "
time="2021-07-16 21:03:53" level=debug msg="4 比牌小于:[7 29 39 23 10],[55 1 4 50 5] "
time="2021-07-16 21:03:53" level=debug msg="8 比牌小于:[19 18 45 42 6],[55 1 4 50 5] "
time="2021-07-16 21:03:53" level=info msg="用户:1810486725总输赢:-100000"
time="2021-07-16 21:03:53" level=info msg="回写数据库:<nil>"
time="2021-07-16 21:06:45" level=info msg="组:-584943700,发牌:[[43 56 22 17 12] [13 51 59 10 41] [54 34 4 49 44] [1 55 5 9 27] [42 26 23 3 38]]"
time="2021-07-16 21:06:49" level=debug msg="1 比牌大于:[13 51 59 10 41],[43 56 22 17 12] "
time="2021-07-16 21:06:49" level=debug msg="2 比牌大于:[54 34 4 49 44],[43 56 22 17 12] "
time="2021-07-16 21:06:49" level=debug msg="4 比牌大于:[1 55 5 9 27],[43 56 22 17 12] "
time="2021-07-16 21:06:49" level=debug msg="8 比牌大于:[42 26 23 3 38],[43 56 22 17 12] "
time="2021-07-16 21:06:49" level=info msg="用户:1810486725总输赢:10000"
time="2021-07-16 21:06:49" level=info msg="回写数据库:<nil>"
time="2021-07-16 21:07:29" level=info msg="组:-584943700,发牌:[[59 54 12 50 43] [7 35 18 17 37] [41 57 39 61 60] [52 49 13 55 20] [4 33 10 23 9]]"
time="2021-07-16 21:08:22" level=debug msg="1 比牌小于:[7 35 18 17 37],[59 54 12 50 43] "
time="2021-07-16 21:08:22" level=debug msg="2 比牌小于:[41 57 39 61 60],[59 54 12 50 43] "
time="2021-07-16 21:08:22" level=debug msg="4 比牌小于:[52 49 13 55 20],[59 54 12 50 43] "
time="2021-07-16 21:08:22" level=debug msg="8 比牌小于:[4 33 10 23 9],[59 54 12 50 43] "
time="2021-07-16 21:08:22" level=info msg="用户:1810486725总输赢:-90000"
time="2021-07-16 21:08:22" level=info msg="回写数据库:<nil>"
time="2021-07-16 21:11:43" level=info msg="组:-584943700,发牌:[[24 11 2 44 3] [1 7 52 56 28] [43 9 5 45 55] [33 19 54 22 25] [38 51 20 58 35]]"
time="2021-07-16 21:11:52" level=debug msg="1 比牌大于:[1 7 52 56 28],[24 11 2 44 3] "
time="2021-07-16 21:11:52" level=debug msg="2 比牌小于:[43 9 5 45 55],[24 11 2 44 3] "
time="2021-07-16 21:11:52" level=debug msg="4 比牌大于:[33 19 54 22 25],[24 11 2 44 3] "
time="2021-07-16 21:11:52" level=debug msg="8 比牌大于:[38 51 20 58 35],[24 11 2 44 3] "
time="2021-07-16 21:11:52" level=info msg="用户:1810486725总输赢:-40000"
time="2021-07-16 21:11:52" level=info msg="回写数据库:<nil>"
time="2021-07-16 21:15:02" level=info msg="组:-584943700,发牌:[[61 20 41 25 5] [39 35 2 54 33] [21 23 18 27 36] [50 60 24 17 55] [49 42 9 57 4]]"
time="2021-07-16 21:15:06" level=debug msg="1 比牌大于:[39 35 2 54 33],[61 20 41 25 5] "
time="2021-07-16 21:15:06" level=debug msg="2 比牌大于:[21 23 18 27 36],[61 20 41 25 5] "
time="2021-07-16 21:15:06" level=debug msg="4 比牌大于:[50 60 24 17 55],[61 20 41 25 5] "
time="2021-07-16 21:15:06" level=debug msg="8 比牌大于:[49 42 9 57 4],[61 20 41 25 5] "
time="2021-07-16 21:15:06" level=info msg="用户:1810486725总输赢:80000"
time="2021-07-16 21:15:06" level=info msg="回写数据库:<nil>"
time="2021-07-16 21:16:12" level=info msg="组:-584943700,发牌:[[58 12 52 18 11] [19 5 56 59 25] [26 20 1 23 7] [4 44 27 43 37] [22 9 55 29 53]]"
time="2021-07-16 21:16:19" level=debug msg="1 比牌小于:[19 5 56 59 25],[58 12 52 18 11] "
time="2021-07-16 21:16:19" level=debug msg="2 比牌小于:[26 20 1 23 7],[58 12 52 18 11] "
time="2021-07-16 21:16:19" level=debug msg="4 比牌大于:[4 44 27 43 37],[58 12 52 18 11] "
time="2021-07-16 21:16:19" level=debug msg="8 比牌大于:[22 9 55 29 53],[58 12 52 18 11] "
time="2021-07-16 21:16:19" level=info msg="用户:1810486725总输赢:-70000"
time="2021-07-16 21:16:19" level=info msg="回写数据库:<nil>"
time="2021-07-16 22:00:33" level=info msg="组:-584943700,发牌:[[8 25 12 4 38] [5 9 28 6 59] [1 42 51 58 11] [52 50 19 24 41] [53 61 29 21 35]]"
time="2021-07-16 22:00:39" level=debug msg="1 比牌大于:[5 9 28 6 59],[8 25 12 4 38] "
time="2021-07-16 22:00:39" level=debug msg="2 比牌小于:[1 42 51 58 11],[8 25 12 4 38] "
time="2021-07-16 22:00:39" level=debug msg="4 比牌小于:[52 50 19 24 41],[8 25 12 4 38] "
time="2021-07-16 22:00:39" level=debug msg="8 比牌小于:[53 61 29 21 35],[8 25 12 4 38] "
time="2021-07-16 22:00:39" level=info msg="用户:1810486725总输赢:-80000"
time="2021-07-16 22:00:39" level=info msg="回写数据库:<nil>"
time="2021-07-16 22:01:18" level=info msg="组:-584943700,发牌:[[42 19 25 43 11] [12 51 53 49 17] [36 50 22 41 56] [10 34 18 8 9] [21 6 3 7 38]]"
time="2021-07-16 22:01:22" level=debug msg="1 比牌大于:[12 51 53 49 17],[42 19 25 43 11] "
time="2021-07-16 22:01:22" level=debug msg="2 比牌小于:[36 50 22 41 56],[42 19 25 43 11] "
time="2021-07-16 22:01:22" level=debug msg="4 比牌小于:[10 34 18 8 9],[42 19 25 43 11] "
time="2021-07-16 22:01:22" level=debug msg="8 比牌小于:[21 6 3 7 38],[42 19 25 43 11] "
time="2021-07-16 22:01:22" level=info msg="用户:1810486725总输赢:-30000"
time="2021-07-16 22:01:22" level=info msg="回写数据库:<nil>"
time="2021-07-16 22:02:18" level=info msg="组:-584943700,发牌:[[39 49 44 41 11] [5 59 58 28 2] [19 7 43 51 21] [18 22 25 33 1] [53 38 9 56 26]]"
time="2021-07-16 22:02:53" level=debug msg="1 比牌小于:[5 59 58 28 2],[39 49 44 41 11] "
time="2021-07-16 22:02:53" level=debug msg="2 比牌大于:[19 7 43 51 21],[39 49 44 41 11] "
time="2021-07-16 22:02:53" level=debug msg="4 比牌小于:[18 22 25 33 1],[39 49 44 41 11] "
time="2021-07-16 22:02:53" level=debug msg="8 比牌大于:[53 38 9 56 26],[39 49 44 41 11] "
time="2021-07-16 22:02:53" level=info msg="用户:1810486725总输赢:-80000"
time="2021-07-16 22:03:34" level=info msg="回写数据库:<nil>"
time="2021-07-16 22:08:04" level=info msg="组:-584943700,发牌:[[35 33 1 39 23] [45 21 44 10 37] [5 59 43 49 57] [24 52 42 17 55] [6 53 12 4 19]]"
time="2021-07-16 22:08:13" level=debug msg="1 比牌大于:[45 21 44 10 37],[35 33 1 39 23] "
time="2021-07-16 22:08:13" level=debug msg="2 比牌大于:[5 59 43 49 57],[35 33 1 39 23] "
time="2021-07-16 22:08:13" level=debug msg="4 比牌大于:[24 52 42 17 55],[35 33 1 39 23] "
time="2021-07-16 22:08:13" level=debug msg="8 比牌大于:[6 53 12 4 19],[35 33 1 39 23] "
time="2021-07-16 22:08:13" level=info msg="用户:1810486725总输赢:90000"
time="2021-07-16 22:08:13" level=info msg="回写数据库:<nil>"
time="2021-07-16 22:09:13" level=info msg="组:-584943700,发牌:[[43 12 19 6 58] [29 36 41 54 24] [38 3 13 44 45] [4 11 35 20 33] [39 1 40 49 55]]"
time="2021-07-16 22:09:20" level=debug msg="1 比牌小于:[29 36 41 54 24],[43 12 19 6 58] "
time="2021-07-16 22:09:20" level=debug msg="2 比牌大于:[38 3 13 44 45],[43 12 19 6 58] "
time="2021-07-16 22:09:20" level=debug msg="4 比牌小于:[4 11 35 20 33],[43 12 19 6 58] "
time="2021-07-16 22:09:20" level=debug msg="8 比牌小于:[39 1 40 49 55],[43 12 19 6 58] "
time="2021-07-16 22:09:20" level=info msg="用户:1810486725总输赢:-100000"
time="2021-07-16 22:09:20" level=info msg="回写数据库:<nil>"
time="2021-07-16 22:13:42" level=info msg="组:-584943700,发牌:[[8 58 22 17 19] [11 49 25 61 6] [39 45 52 34 43] [29 13 33 23 55] [27 1 7 37 3]]"
time="2021-07-16 22:13:52" level=debug msg="1 比牌小于:[11 49 25 61 6],[8 58 22 17 19] "
time="2021-07-16 22:13:52" level=debug msg="2 比牌小于:[39 45 52 34 43],[8 58 22 17 19] "
time="2021-07-16 22:13:52" level=debug msg="4 比牌小于:[29 13 33 23 55],[8 58 22 17 19] "
time="2021-07-16 22:13:52" level=debug msg="8 比牌小于:[27 1 7 37 3],[8 58 22 17 19] "
time="2021-07-16 22:13:52" level=info msg="用户:1810486725总输赢:-90000"
time="2021-07-16 22:13:52" level=info msg="回写数据库:<nil>"
time="2021-07-16 22:18:17" level=info msg="组:-584943700,发牌:[[11 24 1 39 37] [17 18 20 13 2] [36 50 9 21 56] [60 6 44 3 57] [34 25 22 40 28]]"
time="2021-07-16 22:18:22" level=debug msg="1 比牌小于:[17 18 20 13 2],[11 24 1 39 37] "
time="2021-07-16 22:18:22" level=debug msg="2 比牌大于:[36 50 9 21 56],[11 24 1 39 37] "
time="2021-07-16 22:18:22" level=debug msg="4 比牌大于:[60 6 44 3 57],[11 24 1 39 37] "
time="2021-07-16 22:18:22" level=debug msg="8 比牌大于:[34 25 22 40 28],[11 24 1 39 37] "
time="2021-07-16 22:18:22" level=info msg="用户:1810486725总输赢:-20000"
time="2021-07-16 22:18:23" level=info msg="回写数据库:<nil>"
time="2021-07-16 22:18:55" level=info msg="组:-584943700,发牌:[[34 51 38 5 7] [22 36 12 10 27] [19 13 45 40 50] [18 59 2 37 57] [61 29 44 11 33]]"
time="2021-07-16 22:18:59" level=debug msg="1 比牌大于:[22 36 12 10 27],[34 51 38 5 7] "
time="2021-07-16 22:18:59" level=debug msg="2 比牌大于:[19 13 45 40 50],[34 51 38 5 7] "
time="2021-07-16 22:18:59" level=debug msg="4 比牌大于:[18 59 2 37 57],[34 51 38 5 7] "
time="2021-07-16 22:18:59" level=debug msg="8 比牌小于:[61 29 44 11 33],[34 51 38 5 7] "
time="2021-07-16 22:18:59" level=info msg="用户:1810486725总输赢:-40000"
time="2021-07-16 22:18:59" level=info msg="回写数据库:<nil>"
time="2021-07-16 23:45:52" level=info msg="组:-584943700,发牌:[[52 43 41 21 44] [38 10 60 6 12] [59 19 22 50 8] [4 11 35 2 56] [58 3 33 36 39]]"
time="2021-07-16 23:45:57" level=debug msg="1 比牌小于:[38 10 60 6 12],[52 43 41 21 44] "
time="2021-07-16 23:45:57" level=debug msg="2 比牌大于:[59 19 22 50 8],[52 43 41 21 44] "
time="2021-07-16 23:45:57" level=debug msg="4 比牌小于:[4 11 35 2 56],[52 43 41 21 44] "
time="2021-07-16 23:45:57" level=debug msg="8 比牌小于:[58 3 33 36 39],[52 43 41 21 44] "
time="2021-07-16 23:45:57" level=info msg="用户:1810486725总输赢:-90000"
time="2021-07-16 23:46:09" level=info msg="回写数据库:<nil>"
